
INFO:18-04-2022 09:13:04:
The checkTime loop has started.

INFO:18-04-2022 09:13:04:
The checkTime loop has exited.

INFO:18-04-2022 15:38:39:
The checkTime loop has started.

INFO:18-04-2022 15:38:39:
The checkTime loop has exited.

INFO:18-04-2022 18:13:54:
The checkTime loop has started.

INFO:18-04-2022 18:13:54:
The checkTime loop has exited.

INFO:18-04-2022 19:18:53:
The checkTime loop has started.

INFO:18-04-2022 19:18:53:
The checkTime loop has exited.

INFO:18-04-2022 21:37:06:
The checkTime loop has started.

INFO:18-04-2022 21:37:06:
The checkTime loop has exited.

INFO:19-04-2022 01:48:39:
The checkTime loop has started.

INFO:19-04-2022 01:48:39:
The checkTime loop has exited.

INFO:19-04-2022 03:34:27:
The checkTime loop has started.

INFO:19-04-2022 03:34:27:
The checkTime loop has exited.

INFO:19-04-2022 07:56:55:
The checkTime loop has started.

INFO:19-04-2022 07:56:55:
The checkTime loop has exited.

INFO:19-04-2022 07:58:33:
Told Anshu79#2928 that I'm alive.

INFO:19-04-2022 08:16:02:
The checkTime loop has started.

INFO:19-04-2022 08:16:02:
The checkTime loop has exited.

INFO:19-04-2022 08:16:11:
Told a two-part joke to Anshu79#2928.

INFO:19-04-2022 08:18:22:
The checkTime loop has started.

INFO:19-04-2022 08:18:22:
The checkTime loop has exited.

INFO:19-04-2022 08:19:14:
The checkTime loop has started.

INFO:19-04-2022 08:19:14:
The checkTime loop has exited.

INFO:19-04-2022 08:23:30:
The checkTime loop has started.

INFO:19-04-2022 08:23:30:
The checkTime loop has exited.

INFO:19-04-2022 08:27:17:
The checkTime loop has started.

INFO:19-04-2022 08:27:17:
The checkTime loop has exited.

INFO:19-04-2022 08:31:50:
The checkTime loop has started.

INFO:19-04-2022 08:31:50:
The checkTime loop has exited.

INFO:19-04-2022 08:32:50:
The checkTime loop has started.

INFO:19-04-2022 08:32:50:
The checkTime loop has exited.

INFO:19-04-2022 08:34:56:
The checkTime loop has started.

INFO:19-04-2022 08:34:56:
The checkTime loop has exited.

INFO:19-04-2022 08:36:23:
Told a two-part joke to Anshu79#2928.

INFO:19-04-2022 08:37:38:
The checkTime loop has started.

INFO:19-04-2022 08:37:38:
The checkTime loop has exited.

INFO:19-04-2022 08:38:07:
The checkTime loop has started.

INFO:19-04-2022 08:38:07:
The checkTime loop has exited.

INFO:19-04-2022 08:40:04:
The checkTime loop has started.

INFO:19-04-2022 08:40:04:
The checkTime loop has exited.

INFO:19-04-2022 08:42:57:
The checkTime loop has started.

INFO:19-04-2022 08:42:57:
The checkTime loop has exited.

INFO:19-04-2022 08:46:06:
The checkTime loop has started.

INFO:19-04-2022 08:46:06:
The checkTime loop has exited.

INFO:19-04-2022 08:49:07:
The checkTime loop has started.

INFO:19-04-2022 08:49:07:
The checkTime loop has exited.

INFO:19-04-2022 08:49:44:
The checkTime loop has started.

INFO:19-04-2022 08:49:44:
The checkTime loop has exited.

INFO:19-04-2022 08:51:12:
The checkTime loop has started.

INFO:19-04-2022 08:51:12:
The checkTime loop has exited.

INFO:19-04-2022 08:52:06:
The checkTime loop has started.

INFO:19-04-2022 08:52:06:
The checkTime loop has exited.

INFO:19-04-2022 09:05:18:
The checkTime loop has started.

INFO:19-04-2022 09:05:18:
The checkTime loop has exited.

INFO:19-04-2022 09:08:48:
The checkTime loop has started.

INFO:19-04-2022 09:08:48:
The checkTime loop has exited.

INFO:19-04-2022 09:11:56:
The checkTime loop has started.

INFO:19-04-2022 09:11:56:
The checkTime loop has exited.

INFO:19-04-2022 09:14:40:
The checkTime loop has started.

INFO:19-04-2022 09:14:40:
The checkTime loop has exited.

INFO:19-04-2022 09:29:38:
The checkTime loop has started.

INFO:19-04-2022 09:29:38:
The checkTime loop has exited.

INFO:19-04-2022 09:30:38:
The checkTime loop has started.

INFO:19-04-2022 09:30:38:
The checkTime loop has exited.

INFO:19-04-2022 09:33:36:
The checkTime loop has started.

INFO:19-04-2022 09:33:36:
The checkTime loop has exited.

INFO:19-04-2022 09:35:39:
The checkTime loop has started.

INFO:19-04-2022 09:35:39:
The checkTime loop has exited.

INFO:19-04-2022 09:36:01:
The checkTime loop has started.

INFO:19-04-2022 09:36:01:
The checkTime loop has exited.

INFO:19-04-2022 09:37:54:
The checkTime loop has started.

INFO:19-04-2022 09:37:54:
The checkTime loop has exited.

INFO:19-04-2022 09:38:18:
The checkTime loop has started.

INFO:19-04-2022 09:38:18:
The checkTime loop has exited.

INFO:19-04-2022 09:55:54:
The checkTime loop has started.

INFO:19-04-2022 09:55:54:
The checkTime loop has exited.

INFO:19-04-2022 09:58:41:
The checkTime loop has started.

INFO:19-04-2022 09:58:41:
The checkTime loop has exited.

INFO:19-04-2022 10:29:45:
The checkTime loop has started.

INFO:19-04-2022 10:29:45:
The checkTime loop has exited.

INFO:19-04-2022 10:30:45:
The checkTime loop has started.

INFO:19-04-2022 10:30:45:
The checkTime loop has exited.

INFO:19-04-2022 10:30:57:
The checkTime loop has started.

INFO:19-04-2022 10:30:57:
The checkTime loop has exited.

INFO:19-04-2022 10:32:13:
The checkTime loop has started.

INFO:19-04-2022 10:32:13:
The checkTime loop has exited.

INFO:19-04-2022 10:32:53:
The checkTime loop has started.

INFO:19-04-2022 10:32:53:
The checkTime loop has exited.

INFO:19-04-2022 11:14:04:
The checkTime loop has started.

INFO:19-04-2022 11:14:04:
The checkTime loop has exited.

INFO:19-04-2022 11:17:52:
The checkTime loop has started.

INFO:19-04-2022 11:17:52:
The checkTime loop has exited.

INFO:19-04-2022 11:57:57:
The checkTime loop has started.

INFO:19-04-2022 11:57:57:
The checkTime loop has exited.

INFO:19-04-2022 11:58:48:
The checkTime loop has started.

INFO:19-04-2022 11:58:48:
The checkTime loop has exited.

INFO:19-04-2022 12:15:22:
The checkTime loop has started.

INFO:19-04-2022 12:15:22:
The checkTime loop has exited.

INFO:19-04-2022 12:16:48:
The checkTime loop has started.

INFO:19-04-2022 12:16:48:
The checkTime loop has exited.

INFO:19-04-2022 12:21:28:
The checkTime loop has started.

INFO:19-04-2022 12:21:28:
The checkTime loop has exited.

INFO:19-04-2022 12:21:55:
The checkTime loop has started.

INFO:19-04-2022 12:21:55:
The checkTime loop has exited.

INFO:19-04-2022 12:23:41:
The checkTime loop has started.

INFO:19-04-2022 12:23:41:
The checkTime loop has exited.

INFO:19-04-2022 12:25:18:
Reacted with the Awesome GIF to Anshu79#2928's message.

INFO:19-04-2022 12:25:24:
Reacted with the What?! GIF to Anshu79#2928's message.

INFO:19-04-2022 12:30:27:
The checkTime loop has started.

INFO:19-04-2022 12:30:27:
The checkTime loop has exited.

INFO:19-04-2022 12:34:16:
The checkTime loop has started.

INFO:19-04-2022 12:34:16:
The checkTime loop has exited.

INFO:19-04-2022 12:37:44:
The checkTime loop has started.

INFO:19-04-2022 12:37:44:
The checkTime loop has exited.

INFO:19-04-2022 12:42:45:
The checkTime loop has started.

INFO:19-04-2022 12:42:45:
The checkTime loop has exited.

INFO:19-04-2022 12:44:46:
The checkTime loop has started.

INFO:19-04-2022 12:44:46:
The checkTime loop has exited.

INFO:19-04-2022 12:45:46:
The checkTime loop has started.

INFO:19-04-2022 12:45:46:
The checkTime loop has exited.

INFO:19-04-2022 12:46:16:
The checkTime loop has started.

INFO:19-04-2022 12:46:16:
The checkTime loop has exited.

INFO:19-04-2022 12:50:14:
The checkTime loop has started.

INFO:19-04-2022 12:50:14:
The checkTime loop has exited.

INFO:19-04-2022 12:50:38:
The checkTime loop has started.

INFO:19-04-2022 12:50:38:
The checkTime loop has exited.

INFO:19-04-2022 12:59:42:
The checkTime loop has started.

INFO:19-04-2022 12:59:42:
The checkTime loop has exited.

INFO:19-04-2022 13:51:33:
Loading cogs...


INFO:19-04-2022 13:51:33:
cogs.help was loaded.

INFO:19-04-2022 13:51:33:
cogs.members was loaded.

INFO:19-04-2022 13:51:33:
cogs.mods was loaded.

INFO:19-04-2022 13:51:34:
cogs.music was loaded.

INFO:19-04-2022 13:51:34:
cogs.common was loaded.

INFO:19-04-2022 13:51:34:
cogs.tools was loaded.

INFO:19-04-2022 13:51:34:
disnake: 2.4.0


INFO:19-04-2022 13:51:36:

Logged in as: Sokka Bot - 843749034544070666

INFO:19-04-2022 13:51:36:

I'm ready to chat!
